<?xml version="1.0" encoding="UTF-8"?>
<!-- Generated by org.testng.reporters.JUnitReportReporter -->
<testsuite skipped="0" hostname="DESKTOP-COV7GM3" name="com.epam.CalculatorTesting.ArithmeticOperations" tests="2" failures="0" timestamp="2020-02-23T22:33:27 IST" time="0.010" errors="0">
  <testcase name="additionTest" time="0.008" classname="com.epam.CalculatorTesting.ArithmeticOperations"/>
  <system-out/>
  <testcase name="additionTest" time="0.002" classname="com.epam.CalculatorTesting.ArithmeticOperations"/>
  <system-out/>
</testsuite> <!-- com.epam.CalculatorTesting.ArithmeticOperations -->
