<?xml version="1.0" encoding="UTF-8"?>
<!-- Generated by org.testng.reporters.JUnitReportReporter -->
<testsuite skipped="0" hostname="EPINHYDW00D2" name="com.epam.testpages.StaysTestPage" tests="2" failures="0" timestamp="11 Mar 2020 12:49:13 GMT" time="12.223" errors="0">
  <testcase name="saiteja" time="0.005" classname="com.epam.testpages.StaysTestPage"/>
  <testcase name="staysTest" time="12.218" classname="com.epam.testpages.StaysTestPage"/>
</testsuite> <!-- com.epam.testpages.StaysTestPage -->
