<?xml version="1.0" encoding="UTF-8"?>
<!-- Generated by org.testng.reporters.JUnitReportReporter -->
<testsuite skipped="0" hostname="DESKTOP-COV7GM3" name="com.epam.testcontroller.TestController" tests="1" failures="0" timestamp="08 Mar 2020 14:44:17 GMT" time="8.819" errors="0">
  <testcase name="test" time="8.819" classname="com.epam.testcontroller.TestController"/>
</testsuite> <!-- com.epam.testcontroller.TestController -->
