<?xml version="1.0" encoding="UTF-8"?>
<!-- Generated by org.testng.reporters.JUnitReportReporter -->
<testsuite skipped="2" hostname="DESKTOP-COV7GM3" name="com.epam.testpages.SearchRelatedTesting" tests="3" failures="0" timestamp="15 Mar 2020 18:21:46 GMT" time="12.771" errors="0">
  <testcase name="airportTaxis" time="12.771" classname="com.epam.testpages.SearchRelatedTesting"/>
  <testcase name="carRentals" classname="com.epam.testpages.SearchRelatedTesting">
    <skipped/>
  </testcase> <!-- carRentals -->
  <testcase name="staysPageTest" classname="com.epam.testpages.SearchRelatedTesting">
    <skipped/>
  </testcase> <!-- staysPageTest -->
</testsuite> <!-- com.epam.testpages.SearchRelatedTesting -->
