<?xml version="1.0" encoding="UTF-8"?>
<!-- Generated by org.testng.reporters.JUnitReportReporter -->
<testsuite skipped="0" hostname="DESKTOP-COV7GM3" name="com.epam.testpages.StaysTestPage" tests="1" failures="0" timestamp="10 Mar 2020 18:56:58 GMT" time="22.366" errors="0">
  <testcase name="staysTest" time="22.366" classname="com.epam.testpages.StaysTestPage"/>
</testsuite> <!-- com.epam.testpages.StaysTestPage -->
