<?xml version="1.0" encoding="UTF-8"?>
<!-- Generated by org.testng.reporters.JUnitReportReporter -->
<testsuite skipped="0" hostname="EPINHYDW00D2" name="com.epam.testpages.StaysTestPage" tests="1" failures="0" timestamp="10 Mar 2020 12:58:16 GMT" time="11.446" errors="0">
  <testcase name="staysTest" time="11.446" classname="com.epam.testpages.StaysTestPage"/>
</testsuite> <!-- com.epam.testpages.StaysTestPage -->
