<?xml version="1.0" encoding="UTF-8"?>
<!-- Generated by org.testng.reporters.JUnitReportReporter -->
<testsuite skipped="0" hostname="DESKTOP-COV7GM3" name="com.epam.TestNgExamples.NewTest" tests="2" failures="0" timestamp="2020-02-22T17:43:01 IST" time="0.012" errors="0">
  <testcase name="f" time="0.002" classname="com.epam.TestNgExamples.NewTest"/>
  <testcase name="f" time="0.010" classname="com.epam.TestNgExamples.NewTest"/>
</testsuite> <!-- com.epam.TestNgExamples.NewTest -->
