<?xml version="1.0" encoding="UTF-8"?>
<!-- Generated by org.testng.reporters.JUnitReportReporter -->
<testsuite skipped="0" hostname="DESKTOP-COV7GM3" name="com.epam.TestNgExamples.AppTest" tests="3" failures="0" timestamp="2020-02-22T17:11:24 IST" time="0.024" errors="0">
  <testcase name="demo" time="0.008" classname="com.epam.TestNgExamples.AppTest"/>
  <testcase name="test1" time="0.011" classname="com.epam.TestNgExamples.AppTest"/>
  <testcase name="test2" time="0.005" classname="com.epam.TestNgExamples.AppTest"/>
</testsuite> <!-- com.epam.TestNgExamples.AppTest -->
