<?xml version="1.0" encoding="UTF-8"?>
<!-- Generated by org.testng.reporters.JUnitReportReporter -->
<testsuite skipped="0" hostname="DESKTOP-COV7GM3" name="com.epam.TestNgExamples.FactoryDemo" tests="2" failures="0" timestamp="2020-02-22T18:04:05 IST" time="0.013" errors="0">
  <testcase name="test" time="0.002" classname="com.epam.TestNgExamples.FactoryDemo"/>
  <testcase name="test" time="0.011" classname="com.epam.TestNgExamples.FactoryDemo"/>
</testsuite> <!-- com.epam.TestNgExamples.FactoryDemo -->
