<?xml version="1.0" encoding="UTF-8"?>
<!-- Generated by org.testng.reporters.JUnitReportReporter -->
<testsuite skipped="0" hostname="DESKTOP-COV7GM3" name="com.epam.TestNgExamples.Demo" tests="1" failures="0" timestamp="2020-02-22T18:04:05 IST" time="0.003" errors="0">
  <testcase name="test" time="0.003" classname="com.epam.TestNgExamples.Demo"/>
</testsuite> <!-- com.epam.TestNgExamples.Demo -->
